#! /c/Source/iverilog-install/bin/vvp
:ivl_version "12.0 (devel)" "(s20150603-1110-g18392a46)";
:ivl_delay_selection "TYPICAL";
:vpi_time_precision - 12;
:vpi_module "C:\iverilog\lib\ivl\system.vpi";
:vpi_module "C:\iverilog\lib\ivl\vhdl_sys.vpi";
:vpi_module "C:\iverilog\lib\ivl\vhdl_textio.vpi";
:vpi_module "C:\iverilog\lib\ivl\v2005_math.vpi";
:vpi_module "C:\iverilog\lib\ivl\va_math.vpi";
S_000001c716744b70 .scope module, "tb_uart_top" "tb_uart_top" 2 5;
 .timescale -9 -12;
P_000001c716798570 .param/l "CLK_PERIOD" 1 2 7, +C4<00000000000000000000000000010100>;
L_000001c7167ad170 .functor BUFZ 1, v000001c71680e600_0, C4<0>, C4<0>, C4<0>;
v000001c716811bf0_0 .var "clk", 0 0;
v000001c716810610_0 .net "framing_error", 0 0, L_000001c7167ad5d0;  1 drivers
v000001c716810d90_0 .var "rst", 0 0;
v000001c716811790_0 .net "rx", 0 0, L_000001c7167ad170;  1 drivers
v000001c716811510_0 .net "rx_data", 7 0, v000001c71680c2d0_0;  1 drivers
v000001c7168116f0_0 .net "rx_empty", 0 0, L_000001c716811ab0;  1 drivers
v000001c7168107f0_0 .var "rx_rd", 0 0;
v000001c716811830_0 .net "tx", 0 0, v000001c71680e600_0;  1 drivers
v000001c7168113d0_0 .var "tx_data", 7 0;
v000001c7168111f0_0 .net "tx_full", 0 0, L_000001c716810110;  1 drivers
v000001c716810930_0 .var "tx_wr", 0 0;
S_000001c71674b340 .scope module, "dut" "uart_top" 2 44, 3 6 0, S_000001c716744b70;
 .timescale -9 -12;
    .port_info 0 /INPUT 1 "clk";
    .port_info 1 /INPUT 1 "rst";
    .port_info 2 /INPUT 1 "rx";
    .port_info 3 /OUTPUT 1 "tx";
    .port_info 4 /INPUT 8 "tx_data";
    .port_info 5 /INPUT 1 "tx_wr";
    .port_info 6 /OUTPUT 1 "tx_full";
    .port_info 7 /OUTPUT 8 "rx_data";
    .port_info 8 /INPUT 1 "rx_rd";
    .port_info 9 /OUTPUT 1 "rx_empty";
    .port_info 10 /OUTPUT 1 "framing_error";
P_000001c71674b4d0 .param/l "BAUD_RATE" 0 3 9, +C4<00000000000000000010010110000000>;
P_000001c71674b508 .param/l "CLK_FREQ" 0 3 8, +C4<00000010111110101111000010000000>;
P_000001c71674b540 .param/l "DATA_BITS" 0 3 10, +C4<00000000000000000000000000001000>;
P_000001c71674b578 .param/l "FIFO_DEPTH" 0 3 11, +C4<00000000000000000000000000010000>;
P_000001c71674b5b0 .param/l "TX_IDLE" 1 3 202, C4<000>;
P_000001c71674b5e8 .param/l "TX_LOAD" 1 3 205, C4<011>;
P_000001c71674b620 .param/l "TX_READ_REQ" 1 3 203, C4<001>;
P_000001c71674b658 .param/l "TX_READ_WAIT" 1 3 204, C4<010>;
P_000001c71674b690 .param/l "TX_START" 1 3 206, C4<100>;
P_000001c71674b6c8 .param/l "TX_WAIT" 1 3 207, C4<101>;
L_000001c7167ad5d0 .functor BUFZ 1, v000001c71680c4b0_0, C4<0>, C4<0>, C4<0>;
v000001c71680e880_0 .net "baud_tick", 0 0, v000001c7167a01c0_0;  1 drivers
v000001c71680f820_0 .net "clk", 0 0, v000001c716811bf0_0;  1 drivers
v000001c71680ffa0_0 .net "framing_error", 0 0, L_000001c7167ad5d0;  alias, 1 drivers
v000001c71680eba0_0 .net "rst", 0 0, v000001c716810d90_0;  1 drivers
v000001c71680f140_0 .net "rx", 0 0, L_000001c7167ad170;  alias, 1 drivers
v000001c71680e380_0 .net "rx_data", 7 0, v000001c71680c2d0_0;  alias, 1 drivers
v000001c71680e9c0_0 .net "rx_empty", 0 0, L_000001c716811ab0;  alias, 1 drivers
v000001c71680ec40_0 .net "rx_fifo_count", 4 0, v000001c71680c5f0_0;  1 drivers
v000001c71680f1e0_0 .var "rx_fifo_data", 7 0;
v000001c71680e1a0_0 .net "rx_fifo_full", 0 0, L_000001c716811330;  1 drivers
v000001c71680f8c0_0 .var "rx_fifo_wr", 0 0;
v000001c71680fdc0_0 .net "rx_rd", 0 0, v000001c7168107f0_0;  1 drivers
v000001c71680ea60_0 .net "sample_tick", 0 0, v000001c7167a0440_0;  1 drivers
v000001c71680e240_0 .net "tx", 0 0, v000001c71680e600_0;  alias, 1 drivers
v000001c71680e420_0 .net "tx_busy", 0 0, v000001c71680e560_0;  1 drivers
v000001c71680ece0_0 .net "tx_data", 7 0, v000001c7168113d0_0;  1 drivers
v000001c71680eb00_0 .net "tx_done", 0 0, v000001c71680fd20_0;  1 drivers
v000001c71680e4c0_0 .net "tx_fifo_count", 4 0, v000001c71680ef60_0;  1 drivers
v000001c71680f280_0 .net "tx_fifo_dout", 7 0, v000001c71680e100_0;  1 drivers
v000001c71680f960_0 .net "tx_fifo_empty", 0 0, L_000001c716811b50;  1 drivers
v000001c71680fa00_0 .var "tx_fifo_rd", 0 0;
v000001c71680f320_0 .net "tx_full", 0 0, L_000001c716810110;  alias, 1 drivers
v000001c71680f460_0 .var "tx_shift_reg", 7 0;
v000001c71680fe60_0 .var "tx_start", 0 0;
v000001c71680f500_0 .var "tx_state", 2 0;
v000001c7168106b0_0 .net "tx_wr", 0 0, v000001c716810930_0;  1 drivers
v000001c716811fb0_0 .net "uart_frame_error", 0 0, v000001c71680c4b0_0;  1 drivers
v000001c716811010_0 .net "uart_rx_data", 7 0, v000001c71680def0_0;  1 drivers
v000001c716811970_0 .net "uart_rx_done", 0 0, v000001c71680c690_0;  1 drivers
S_000001c716777520 .scope module, "baud_gen" "baud_generator" 3 89, 4 1 0, S_000001c71674b340;
 .timescale 0 0;
    .port_info 0 /INPUT 1 "clk";
    .port_info 1 /INPUT 1 "rst";
    .port_info 2 /OUTPUT 1 "baud_tick";
    .port_info 3 /OUTPUT 1 "sample_tick";
P_000001c7167776b0 .param/l "BAUD_CNT_WIDTH" 1 4 22, +C4<00000000000000000000000000001101>;
P_000001c7167776e8 .param/l "BAUD_DIV" 1 4 17, +C4<00000000000000000001010001011000>;
P_000001c716777720 .param/l "BAUD_RATE" 0 4 4, +C4<00000000000000000010010110000000>;
P_000001c716777758 .param/l "CLK_FREQ" 0 4 3, +C4<00000010111110101111000010000000>;
P_000001c716777790 .param/l "OVERSAMPLE" 0 4 5, +C4<00000000000000000000000000010000>;
P_000001c7167777c8 .param/l "SAMPLE_CNT_WIDTH" 1 4 23, +C4<00000000000000000000000000001001>;
P_000001c716777800 .param/l "SAMPLE_DIV" 1 4 18, +C4<00000000000000000000000101000110>;
v000001c71679f900_0 .var "baud_counter", 12 0;
v000001c7167a01c0_0 .var "baud_tick", 0 0;
v000001c7167a03a0_0 .net "clk", 0 0, v000001c716811bf0_0;  alias, 1 drivers
v000001c71679ffe0_0 .net "rst", 0 0, v000001c716810d90_0;  alias, 1 drivers
v000001c71679f680_0 .var "sample_counter", 8 0;
v000001c7167a0440_0 .var "sample_tick", 0 0;
E_000001c716798b70 .event posedge, v000001c7167a03a0_0;
S_000001c716777840 .scope module, "rx_fifo" "uart_fifo" 3 182, 5 3 0, S_000001c71674b340;
 .timescale -9 -12;
    .port_info 0 /INPUT 1 "clk";
    .port_info 1 /INPUT 1 "rst";
    .port_info 2 /INPUT 1 "wr_en";
    .port_info 3 /INPUT 1 "rd_en";
    .port_info 4 /INPUT 8 "wr_data";
    .port_info 5 /OUTPUT 8 "rd_data";
    .port_info 6 /OUTPUT 1 "full";
    .port_info 7 /OUTPUT 1 "empty";
    .port_info 8 /OUTPUT 5 "count";
P_000001c71674b710 .param/l "ADDR_WIDTH" 1 5 25, +C4<00000000000000000000000000000100>;
P_000001c71674b748 .param/l "DATA_WIDTH" 0 5 5, +C4<00000000000000000000000000001000>;
P_000001c71674b780 .param/l "DEPTH" 0 5 6, +C4<00000000000000000000000000010000>;
v000001c71680d270_0 .net *"_ivl_0", 31 0, L_000001c716811d30;  1 drivers
L_000001c716814698 .functor BUFT 1, C4<000000000000000000000000000>, C4<0>, C4<0>, C4<0>;
v000001c71680d4f0_0 .net *"_ivl_11", 26 0, L_000001c716814698;  1 drivers
L_000001c7168146e0 .functor BUFT 1, C4<00000000000000000000000000010000>, C4<0>, C4<0>, C4<0>;
v000001c71680c230_0 .net/2u *"_ivl_12", 31 0, L_000001c7168146e0;  1 drivers
L_000001c716814608 .functor BUFT 1, C4<000000000000000000000000000>, C4<0>, C4<0>, C4<0>;
v000001c71680d630_0 .net *"_ivl_3", 26 0, L_000001c716814608;  1 drivers
L_000001c716814650 .functor BUFT 1, C4<00000000000000000000000000000000>, C4<0>, C4<0>, C4<0>;
v000001c71680c190_0 .net/2u *"_ivl_4", 31 0, L_000001c716814650;  1 drivers
v000001c71680dd10_0 .net *"_ivl_8", 31 0, L_000001c716811dd0;  1 drivers
v000001c71680c7d0_0 .net "clk", 0 0, v000001c716811bf0_0;  alias, 1 drivers
v000001c71680c5f0_0 .var "count", 4 0;
v000001c71680de50_0 .net "empty", 0 0, L_000001c716811ab0;  alias, 1 drivers
v000001c71680caf0_0 .net "full", 0 0, L_000001c716811330;  alias, 1 drivers
v000001c71680c410 .array "mem", 15 0, 7 0;
v000001c71680c2d0_0 .var "rd_data", 7 0;
v000001c71680c730_0 .net "rd_en", 0 0, v000001c7168107f0_0;  alias, 1 drivers
v000001c71680cb90_0 .var "rd_ptr", 3 0;
v000001c71680cf50_0 .net "rst", 0 0, v000001c716810d90_0;  alias, 1 drivers
v000001c71680ce10_0 .net "wr_data", 7 0, v000001c71680f1e0_0;  1 drivers
v000001c71680c910_0 .net "wr_en", 0 0, v000001c71680f8c0_0;  1 drivers
v000001c71680dbd0_0 .var "wr_ptr", 3 0;
L_000001c716811d30 .concat [ 5 27 0 0], v000001c71680c5f0_0, L_000001c716814608;
L_000001c716811ab0 .cmp/eq 32, L_000001c716811d30, L_000001c716814650;
L_000001c716811dd0 .concat [ 5 27 0 0], v000001c71680c5f0_0, L_000001c716814698;
L_000001c716811330 .cmp/eq 32, L_000001c716811dd0, L_000001c7168146e0;
S_000001c716756210 .scope function.vec4.s4, "next_ptr" "next_ptr" 5 38, 5 38 0, S_000001c716777840;
 .timescale -9 -12;
; Variable next_ptr is vec4 return value of scope S_000001c716756210
v000001c71680d9f0_0 .var "ptr", 3 0;
TD_tb_uart_top.dut.rx_fifo.next_ptr ;
    %load/vec4 v000001c71680d9f0_0;
    %pad/u 32;
    %cmpi/e 15, 0, 32;
    %jmp/0xz  T_0.0, 4;
    %pushi/vec4 0, 0, 4;
    %ret/vec4 0, 0, 4;  Assign to next_ptr (store_vec4_to_lval)
    %jmp T_0.1;
T_0.0 ;
    %load/vec4 v000001c71680d9f0_0;
    %addi 1, 0, 4;
    %ret/vec4 0, 0, 4;  Assign to next_ptr (store_vec4_to_lval)
T_0.1 ;
    %end;
S_000001c7167563a0 .scope module, "rx_inst" "uart_rx" 3 130, 6 1 0, S_000001c71674b340;
 .timescale 0 0;
    .port_info 0 /INPUT 1 "clk";
    .port_info 1 /INPUT 1 "rst";
    .port_info 2 /INPUT 1 "sample_tick";
    .port_info 3 /INPUT 1 "rx";
    .port_info 4 /OUTPUT 8 "rx_data";
    .port_info 5 /OUTPUT 1 "rx_done";
    .port_info 6 /OUTPUT 1 "framing_error";
P_000001c716756530 .param/l "DATA" 1 6 19, C4<010>;
P_000001c716756568 .param/l "DATA_BITS" 0 6 3, +C4<00000000000000000000000000001000>;
P_000001c7167565a0 .param/l "DONE" 1 6 21, C4<100>;
P_000001c7167565d8 .param/l "IDLE" 1 6 17, C4<000>;
P_000001c716756610 .param/l "OVERSAMPLE" 0 6 4, +C4<00000000000000000000000000010000>;
P_000001c716756648 .param/l "START" 1 6 18, C4<001>;
P_000001c716756680 .param/l "STOP" 1 6 20, C4<011>;
L_000001c7167ad3a0 .functor NOT 1, v000001c71680d310_0, C4<0>, C4<0>, C4<0>;
L_000001c7167ad1e0 .functor AND 1, v000001c71680d090_0, L_000001c7167ad3a0, C4<1>, C4<1>;
L_000001c7167acfb0 .functor AND 1, v000001c71680d6d0_0, v000001c71680d1d0_0, C4<1>, C4<1>;
L_000001c7167ad8e0 .functor AND 1, v000001c71680d6d0_0, v000001c71680c9b0_0, C4<1>, C4<1>;
L_000001c7167ad250 .functor OR 1, L_000001c7167acfb0, L_000001c7167ad8e0, C4<0>, C4<0>;
L_000001c7167adaa0 .functor AND 1, v000001c71680d1d0_0, v000001c71680c9b0_0, C4<1>, C4<1>;
L_000001c7167ace60 .functor OR 1, L_000001c7167ad250, L_000001c7167adaa0, C4<0>, C4<0>;
v000001c71680c0f0_0 .net *"_ivl_0", 0 0, L_000001c7167ad3a0;  1 drivers
v000001c71680ceb0_0 .net *"_ivl_10", 0 0, L_000001c7167adaa0;  1 drivers
v000001c71680ddb0_0 .net *"_ivl_4", 0 0, L_000001c7167acfb0;  1 drivers
v000001c71680d770_0 .net *"_ivl_6", 0 0, L_000001c7167ad8e0;  1 drivers
v000001c71680da90_0 .net *"_ivl_8", 0 0, L_000001c7167ad250;  1 drivers
v000001c71680d590_0 .var "bit_counter", 2 0;
v000001c71680c370_0 .net "clk", 0 0, v000001c716811bf0_0;  alias, 1 drivers
v000001c71680c4b0_0 .var "framing_error", 0 0;
v000001c71680d3b0_0 .net "rst", 0 0, v000001c716810d90_0;  alias, 1 drivers
v000001c71680db30_0 .net "rx", 0 0, L_000001c7167ad170;  alias, 1 drivers
v000001c71680def0_0 .var "rx_data", 7 0;
v000001c71680c690_0 .var "rx_done", 0 0;
v000001c71680cff0_0 .var "rx_ff1", 0 0;
v000001c71680d310_0 .var "rx_ff2", 0 0;
v000001c71680d090_0 .var "rx_prev", 0 0;
v000001c71680d6d0_0 .var "sample7", 0 0;
v000001c71680d1d0_0 .var "sample8", 0 0;
v000001c71680c9b0_0 .var "sample9", 0 0;
v000001c71680d810_0 .var "sample_counter", 3 0;
v000001c71680c550_0 .net "sample_tick", 0 0, v000001c7167a0440_0;  alias, 1 drivers
v000001c71680cc30_0 .net "sampled_bit", 0 0, L_000001c7167ace60;  1 drivers
v000001c71680ca50_0 .var "shift_reg", 7 0;
v000001c71680c870_0 .net "start_detect", 0 0, L_000001c7167ad1e0;  1 drivers
v000001c71680df90_0 .var "state", 2 0;
S_000001c71676e3a0 .scope module, "tx_fifo" "uart_fifo" 3 156, 5 3 0, S_000001c71674b340;
 .timescale -9 -12;
    .port_info 0 /INPUT 1 "clk";
    .port_info 1 /INPUT 1 "rst";
    .port_info 2 /INPUT 1 "wr_en";
    .port_info 3 /INPUT 1 "rd_en";
    .port_info 4 /INPUT 8 "wr_data";
    .port_info 5 /OUTPUT 8 "rd_data";
    .port_info 6 /OUTPUT 1 "full";
    .port_info 7 /OUTPUT 1 "empty";
    .port_info 8 /OUTPUT 5 "count";
P_000001c71676e530 .param/l "ADDR_WIDTH" 1 5 25, +C4<00000000000000000000000000000100>;
P_000001c71676e568 .param/l "DATA_WIDTH" 0 5 5, +C4<00000000000000000000000000001000>;
P_000001c71676e5a0 .param/l "DEPTH" 0 5 6, +C4<00000000000000000000000000010000>;
v000001c71680cd70_0 .net *"_ivl_0", 31 0, L_000001c716811a10;  1 drivers
L_000001c716814578 .functor BUFT 1, C4<000000000000000000000000000>, C4<0>, C4<0>, C4<0>;
v000001c71680d130_0 .net *"_ivl_11", 26 0, L_000001c716814578;  1 drivers
L_000001c7168145c0 .functor BUFT 1, C4<00000000000000000000000000010000>, C4<0>, C4<0>, C4<0>;
v000001c71680dc70_0 .net/2u *"_ivl_12", 31 0, L_000001c7168145c0;  1 drivers
L_000001c7168144e8 .functor BUFT 1, C4<000000000000000000000000000>, C4<0>, C4<0>, C4<0>;
v000001c71680d450_0 .net *"_ivl_3", 26 0, L_000001c7168144e8;  1 drivers
L_000001c716814530 .functor BUFT 1, C4<00000000000000000000000000000000>, C4<0>, C4<0>, C4<0>;
v000001c71680f5a0_0 .net/2u *"_ivl_4", 31 0, L_000001c716814530;  1 drivers
v000001c71680f6e0_0 .net *"_ivl_8", 31 0, L_000001c716810890;  1 drivers
v000001c71680f3c0_0 .net "clk", 0 0, v000001c716811bf0_0;  alias, 1 drivers
v000001c71680ef60_0 .var "count", 4 0;
v000001c71680e920_0 .net "empty", 0 0, L_000001c716811b50;  alias, 1 drivers
v000001c71680fbe0_0 .net "full", 0 0, L_000001c716810110;  alias, 1 drivers
v000001c71680faa0 .array "mem", 15 0, 7 0;
v000001c71680e100_0 .var "rd_data", 7 0;
v000001c71680fb40_0 .net "rd_en", 0 0, v000001c71680fa00_0;  1 drivers
v000001c71680f640_0 .var "rd_ptr", 3 0;
v000001c71680fc80_0 .net "rst", 0 0, v000001c716810d90_0;  alias, 1 drivers
v000001c71680f000_0 .net "wr_data", 7 0, v000001c7168113d0_0;  alias, 1 drivers
v000001c71680e6a0_0 .net "wr_en", 0 0, v000001c716810930_0;  alias, 1 drivers
v000001c71680e2e0_0 .var "wr_ptr", 3 0;
L_000001c716811a10 .concat [ 5 27 0 0], v000001c71680ef60_0, L_000001c7168144e8;
L_000001c716811b50 .cmp/eq 32, L_000001c716811a10, L_000001c716814530;
L_000001c716810890 .concat [ 5 27 0 0], v000001c71680ef60_0, L_000001c716814578;
L_000001c716810110 .cmp/eq 32, L_000001c716810890, L_000001c7168145c0;
S_000001c716788bb0 .scope function.vec4.s4, "next_ptr" "next_ptr" 5 38, 5 38 0, S_000001c71676e3a0;
 .timescale -9 -12;
; Variable next_ptr is vec4 return value of scope S_000001c716788bb0
v000001c71680ccd0_0 .var "ptr", 3 0;
TD_tb_uart_top.dut.tx_fifo.next_ptr ;
    %load/vec4 v000001c71680ccd0_0;
    %pad/u 32;
    %cmpi/e 15, 0, 32;
    %jmp/0xz  T_1.2, 4;
    %pushi/vec4 0, 0, 4;
    %ret/vec4 0, 0, 4;  Assign to next_ptr (store_vec4_to_lval)
    %jmp T_1.3;
T_1.2 ;
    %load/vec4 v000001c71680ccd0_0;
    %addi 1, 0, 4;
    %ret/vec4 0, 0, 4;  Assign to next_ptr (store_vec4_to_lval)
T_1.3 ;
    %end;
S_000001c716788d40 .scope module, "tx_inst" "uart_tx" 3 106, 7 1 0, S_000001c71674b340;
 .timescale 0 0;
    .port_info 0 /INPUT 1 "clk";
    .port_info 1 /INPUT 1 "rst";
    .port_info 2 /INPUT 1 "baud_tick";
    .port_info 3 /INPUT 1 "tx_start";
    .port_info 4 /INPUT 8 "tx_data";
    .port_info 5 /OUTPUT 1 "tx";
    .port_info 6 /OUTPUT 1 "tx_busy";
    .port_info 7 /OUTPUT 1 "tx_done";
P_000001c7167a1870 .param/l "DATA" 1 7 25, C4<10>;
P_000001c7167a18a8 .param/l "DATA_BITS" 0 7 3, +C4<00000000000000000000000000001000>;
P_000001c7167a18e0 .param/l "IDLE" 1 7 23, C4<00>;
P_000001c7167a1918 .param/l "START" 1 7 24, C4<01>;
P_000001c7167a1950 .param/l "STOP" 1 7 26, C4<11>;
v000001c71680ff00_0 .net "baud_tick", 0 0, v000001c7167a01c0_0;  alias, 1 drivers
v000001c71680e740_0 .var "bit_counter", 2 0;
v000001c71680ee20_0 .net "clk", 0 0, v000001c716811bf0_0;  alias, 1 drivers
v000001c71680eec0_0 .net "rst", 0 0, v000001c716810d90_0;  alias, 1 drivers
v000001c71680ed80_0 .var "shift_reg", 7 0;
v000001c71680e7e0_0 .var "state", 1 0;
v000001c71680e600_0 .var "tx", 0 0;
v000001c71680e560_0 .var "tx_busy", 0 0;
v000001c71680f0a0_0 .net "tx_data", 7 0, v000001c71680f460_0;  1 drivers
v000001c71680fd20_0 .var "tx_done", 0 0;
v000001c71680f780_0 .net "tx_start", 0 0, v000001c71680fe60_0;  1 drivers
S_000001c716712d60 .scope task, "uart_read" "uart_read" 2 100, 2 100 0, S_000001c716744b70;
 .timescale -9 -12;
E_000001c716799630 .event negedge, v000001c7167a03a0_0;
TD_tb_uart_top.uart_read ;
T_2.4 ;
    %load/vec4 v000001c7168116f0_0;
    %flag_set/vec4 8;
    %jmp/0xz T_2.5, 8;
    %wait E_000001c716798b70;
    %jmp T_2.4;
T_2.5 ;
    %wait E_000001c716799630;
    %pushi/vec4 1, 0, 1;
    %assign/vec4 v000001c7168107f0_0, 0;
    %wait E_000001c716798b70;
    %pushi/vec4 0, 0, 1;
    %assign/vec4 v000001c7168107f0_0, 0;
    %wait E_000001c716798b70;
    %vpi_call 2 114 "$display", "Time=%0t RX_READ Data=%h (%c)", $time, v000001c716811510_0, v000001c716811510_0 {0 0 0};
    %end;
S_000001c716712ef0 .scope task, "uart_write" "uart_write" 2 73, 2 73 0, S_000001c716744b70;
 .timescale -9 -12;
v000001c716810750_0 .var "data", 7 0;
TD_tb_uart_top.uart_write ;
    %wait E_000001c716798b70;
T_3.6 ;
    %load/vec4 v000001c7168111f0_0;
    %flag_set/vec4 8;
    %jmp/0xz T_3.7, 8;
    %wait E_000001c716798b70;
    %jmp T_3.6;
T_3.7 ;
    %load/vec4 v000001c716810750_0;
    %assign/vec4 v000001c7168113d0_0, 0;
    %pushi/vec4 1, 0, 1;
    %assign/vec4 v000001c716810930_0, 0;
    %wait E_000001c716798b70;
    %pushi/vec4 0, 0, 1;
    %assign/vec4 v000001c716810930_0, 0;
    %vpi_call 2 91 "$display", "Time=%0t TX_WRITE Data=%h (%c)", $time, v000001c716810750_0, v000001c716810750_0 {0 0 0};
    %end;
    .scope S_000001c716777520;
T_4 ;
    %wait E_000001c716798b70;
    %load/vec4 v000001c71679ffe0_0;
    %flag_set/vec4 8;
    %jmp/0xz  T_4.0, 8;
    %pushi/vec4 0, 0, 13;
    %assign/vec4 v000001c71679f900_0, 0;
    %pushi/vec4 0, 0, 1;
    %assign/vec4 v000001c7167a01c0_0, 0;
    %jmp T_4.1;
T_4.0 ;
    %load/vec4 v000001c71679f900_0;
    %pad/u 32;
    %cmpi/e 5207, 0, 32;
    %jmp/0xz  T_4.2, 4;
    %pushi/vec4 0, 0, 13;
    %assign/vec4 v000001c71679f900_0, 0;
    %pushi/vec4 1, 0, 1;
    %assign/vec4 v000001c7167a01c0_0, 0;
    %jmp T_4.3;
T_4.2 ;
    %load/vec4 v000001c71679f900_0;
    %addi 1, 0, 13;
    %assign/vec4 v000001c71679f900_0, 0;
    %pushi/vec4 0, 0, 1;
    %assign/vec4 v000001c7167a01c0_0, 0;
T_4.3 ;
T_4.1 ;
    %jmp T_4;
    .thread T_4;
    .scope S_000001c716777520;
T_5 ;
    %wait E_000001c716798b70;
    %load/vec4 v000001c71679ffe0_0;
    %flag_set/vec4 8;
    %jmp/0xz  T_5.0, 8;
    %pushi/vec4 0, 0, 9;
    %assign/vec4 v000001c71679f680_0, 0;
    %pushi/vec4 0, 0, 1;
    %assign/vec4 v000001c7167a0440_0, 0;
    %jmp T_5.1;
T_5.0 ;
    %load/vec4 v000001c71679f680_0;
    %pad/u 32;
    %cmpi/e 325, 0, 32;
    %jmp/0xz  T_5.2, 4;
    %pushi/vec4 0, 0, 9;
    %assign/vec4 v000001c71679f680_0, 0;
    %pushi/vec4 1, 0, 1;
    %assign/vec4 v000001c7167a0440_0, 0;
    %jmp T_5.3;
T_5.2 ;
    %load/vec4 v000001c71679f680_0;
    %addi 1, 0, 9;
    %assign/vec4 v000001c71679f680_0, 0;
    %pushi/vec4 0, 0, 1;
    %assign/vec4 v000001c7167a0440_0, 0;
T_5.3 ;
T_5.1 ;
    %jmp T_5;
    .thread T_5;
    .scope S_000001c716788d40;
T_6 ;
    %wait E_000001c716798b70;
    %load/vec4 v000001c71680eec0_0;
    %flag_set/vec4 8;
    %jmp/0xz  T_6.0, 8;
    %pushi/vec4 0, 0, 2;
    %assign/vec4 v000001c71680e7e0_0, 0;
    %pushi/vec4 1, 0, 1;
    %assign/vec4 v000001c71680e600_0, 0;
    %pushi/vec4 0, 0, 1;
    %assign/vec4 v000001c71680e560_0, 0;
    %pushi/vec4 0, 0, 1;
    %assign/vec4 v000001c71680fd20_0, 0;
    %pushi/vec4 0, 0, 8;
    %assign/vec4 v000001c71680ed80_0, 0;
    %pushi/vec4 0, 0, 3;
    %assign/vec4 v000001c71680e740_0, 0;
    %jmp T_6.1;
T_6.0 ;
    %pushi/vec4 0, 0, 1;
    %assign/vec4 v000001c71680fd20_0, 0;
    %load/vec4 v000001c71680e7e0_0;
    %dup/vec4;
    %pushi/vec4 0, 0, 2;
    %cmp/u;
    %jmp/1 T_6.2, 6;
    %dup/vec4;
    %pushi/vec4 1, 0, 2;
    %cmp/u;
    %jmp/1 T_6.3, 6;
    %dup/vec4;
    %pushi/vec4 2, 0, 2;
    %cmp/u;
    %jmp/1 T_6.4, 6;
    %dup/vec4;
    %pushi/vec4 3, 0, 2;
    %cmp/u;
    %jmp/1 T_6.5, 6;
    %pushi/vec4 0, 0, 2;
    %assign/vec4 v000001c71680e7e0_0, 0;
    %jmp T_6.7;
T_6.2 ;
    %pushi/vec4 1, 0, 1;
    %assign/vec4 v000001c71680e600_0, 0;
    %pushi/vec4 0, 0, 1;
    %assign/vec4 v000001c71680e560_0, 0;
    %load/vec4 v000001c71680f780_0;
    %flag_set/vec4 8;
    %jmp/0xz  T_6.8, 8;
    %load/vec4 v000001c71680f0a0_0;
    %assign/vec4 v000001c71680ed80_0, 0;
    %pushi/vec4 0, 0, 3;
    %assign/vec4 v000001c71680e740_0, 0;
    %pushi/vec4 1, 0, 1;
    %assign/vec4 v000001c71680e560_0, 0;
    %pushi/vec4 1, 0, 2;
    %assign/vec4 v000001c71680e7e0_0, 0;
T_6.8 ;
    %jmp T_6.7;
T_6.3 ;
    %pushi/vec4 0, 0, 1;
    %assign/vec4 v000001c71680e600_0, 0;
    %load/vec4 v000001c71680ff00_0;
    %flag_set/vec4 8;
    %jmp/0xz  T_6.10, 8;
    %pushi/vec4 2, 0, 2;
    %assign/vec4 v000001c71680e7e0_0, 0;
T_6.10 ;
    %jmp T_6.7;
T_6.4 ;
    %load/vec4 v000001c71680ed80_0;
    %parti/s 1, 0, 2;
    %assign/vec4 v000001c71680e600_0, 0;
    %load/vec4 v000001c71680ff00_0;
    %flag_set/vec4 8;
    %jmp/0xz  T_6.12, 8;
    %pushi/vec4 0, 0, 1;
    %load/vec4 v000001c71680ed80_0;
    %parti/s 7, 1, 2;
    %concat/vec4; draw_concat_vec4
    %assign/vec4 v000001c71680ed80_0, 0;
    %load/vec4 v000001c71680e740_0;
    %pad/u 32;
    %cmpi/e 7, 0, 32;
    %jmp/0xz  T_6.14, 4;
    %pushi/vec4 3, 0, 2;
    %assign/vec4 v000001c71680e7e0_0, 0;
    %jmp T_6.15;
T_6.14 ;
    %load/vec4 v000001c71680e740_0;
    %addi 1, 0, 3;
    %assign/vec4 v000001c71680e740_0, 0;
T_6.15 ;
T_6.12 ;
    %jmp T_6.7;
T_6.5 ;
    %pushi/vec4 1, 0, 1;
    %assign/vec4 v000001c71680e600_0, 0;
    %load/vec4 v000001c71680ff00_0;
    %flag_set/vec4 8;
    %jmp/0xz  T_6.16, 8;
    %pushi/vec4 0, 0, 1;
    %assign/vec4 v000001c71680e560_0, 0;
    %pushi/vec4 1, 0, 1;
    %assign/vec4 v000001c71680fd20_0, 0;
    %pushi/vec4 0, 0, 2;
    %assign/vec4 v000001c71680e7e0_0, 0;
T_6.16 ;
    %jmp T_6.7;
T_6.7 ;
    %pop/vec4 1;
T_6.1 ;
    %jmp T_6;
    .thread T_6;
    .scope S_000001c7167563a0;
T_7 ;
    %wait E_000001c716798b70;
    %load/vec4 v000001c71680d3b0_0;
    %flag_set/vec4 8;
    %jmp/0xz  T_7.0, 8;
    %pushi/vec4 1, 0, 1;
    %assign/vec4 v000001c71680cff0_0, 0;
    %pushi/vec4 1, 0, 1;
    %assign/vec4 v000001c71680d310_0, 0;
    %pushi/vec4 1, 0, 1;
    %assign/vec4 v000001c71680d090_0, 0;
    %jmp T_7.1;
T_7.0 ;
    %load/vec4 v000001c71680db30_0;
    %assign/vec4 v000001c71680cff0_0, 0;
    %load/vec4 v000001c71680cff0_0;
    %assign/vec4 v000001c71680d310_0, 0;
    %load/vec4 v000001c71680d310_0;
    %assign/vec4 v000001c71680d090_0, 0;
T_7.1 ;
    %jmp T_7;
    .thread T_7;
    .scope S_000001c7167563a0;
T_8 ;
    %wait E_000001c716798b70;
    %load/vec4 v000001c71680d3b0_0;
    %flag_set/vec4 8;
    %jmp/0xz  T_8.0, 8;
    %pushi/vec4 0, 0, 3;
    %assign/vec4 v000001c71680df90_0, 0;
    %pushi/vec4 0, 0, 4;
    %assign/vec4 v000001c71680d810_0, 0;
    %pushi/vec4 0, 0, 3;
    %assign/vec4 v000001c71680d590_0, 0;
    %pushi/vec4 0, 0, 8;
    %assign/vec4 v000001c71680ca50_0, 0;
    %pushi/vec4 0, 0, 8;
    %assign/vec4 v000001c71680def0_0, 0;
    %pushi/vec4 0, 0, 1;
    %assign/vec4 v000001c71680d6d0_0, 0;
    %pushi/vec4 0, 0, 1;
    %assign/vec4 v000001c71680d1d0_0, 0;
    %pushi/vec4 0, 0, 1;
    %assign/vec4 v000001c71680c9b0_0, 0;
    %pushi/vec4 0, 0, 1;
    %assign/vec4 v000001c71680c690_0, 0;
    %pushi/vec4 0, 0, 1;
    %assign/vec4 v000001c71680c4b0_0, 0;
    %jmp T_8.1;
T_8.0 ;
    %pushi/vec4 0, 0, 1;
    %assign/vec4 v000001c71680c690_0, 0;
    %load/vec4 v000001c71680df90_0;
    %dup/vec4;
    %pushi/vec4 0, 0, 3;
    %cmp/u;
    %jmp/1 T_8.2, 6;
    %dup/vec4;
    %pushi/vec4 1, 0, 3;
    %cmp/u;
    %jmp/1 T_8.3, 6;
    %dup/vec4;
    %pushi/vec4 2, 0, 3;
    %cmp/u;
    %jmp/1 T_8.4, 6;
    %dup/vec4;
    %pushi/vec4 3, 0, 3;
    %cmp/u;
    %jmp/1 T_8.5, 6;
    %dup/vec4;
    %pushi/vec4 4, 0, 3;
    %cmp/u;
    %jmp/1 T_8.6, 6;
    %pushi/vec4 0, 0, 3;
    %assign/vec4 v000001c71680df90_0, 0;
    %jmp T_8.8;
T_8.2 ;
    %pushi/vec4 0, 0, 1;
    %assign/vec4 v000001c71680c4b0_0, 0;
    %pushi/vec4 0, 0, 4;
    %assign/vec4 v000001c71680d810_0, 0;
    %pushi/vec4 0, 0, 3;
    %assign/vec4 v000001c71680d590_0, 0;
    %pushi/vec4 0, 0, 1;
    %assign/vec4 v000001c71680d6d0_0, 0;
    %pushi/vec4 0, 0, 1;
    %assign/vec4 v000001c71680d1d0_0, 0;
    %pushi/vec4 0, 0, 1;
    %assign/vec4 v000001c71680c9b0_0, 0;
    %load/vec4 v000001c71680c870_0;
    %flag_set/vec4 8;
    %jmp/0xz  T_8.9, 8;
    %pushi/vec4 0, 0, 4;
    %assign/vec4 v000001c71680d810_0, 0;
    %pushi/vec4 1, 0, 3;
    %assign/vec4 v000001c71680df90_0, 0;
T_8.9 ;
    %jmp T_8.8;
T_8.3 ;
    %load/vec4 v000001c71680c550_0;
    %flag_set/vec4 8;
    %jmp/0xz  T_8.11, 8;
    %load/vec4 v000001c71680d810_0;
    %addi 1, 0, 4;
    %assign/vec4 v000001c71680d810_0, 0;
    %load/vec4 v000001c71680d810_0;
    %cmpi/e 7, 0, 4;
    %jmp/0xz  T_8.13, 4;
    %load/vec4 v000001c71680d310_0;
    %assign/vec4 v000001c71680d6d0_0, 0;
T_8.13 ;
    %load/vec4 v000001c71680d810_0;
    %cmpi/e 8, 0, 4;
    %jmp/0xz  T_8.15, 4;
    %load/vec4 v000001c71680d310_0;
    %assign/vec4 v000001c71680d1d0_0, 0;
T_8.15 ;
    %load/vec4 v000001c71680d810_0;
    %cmpi/e 9, 0, 4;
    %jmp/0xz  T_8.17, 4;
    %load/vec4 v000001c71680d310_0;
    %assign/vec4 v000001c71680c9b0_0, 0;
T_8.17 ;
    %load/vec4 v000001c71680d810_0;
    %cmpi/e 10, 0, 4;
    %jmp/0xz  T_8.19, 4;
    %load/vec4 v000001c71680cc30_0;
    %cmpi/e 0, 0, 1;
    %jmp/0xz  T_8.21, 4;
    %pushi/vec4 0, 0, 4;
    %assign/vec4 v000001c71680d810_0, 0;
    %pushi/vec4 0, 0, 3;
    %assign/vec4 v000001c71680d590_0, 0;
    %pushi/vec4 0, 0, 1;
    %assign/vec4 v000001c71680d6d0_0, 0;
    %pushi/vec4 0, 0, 1;
    %assign/vec4 v000001c71680d1d0_0, 0;
    %pushi/vec4 0, 0, 1;
    %assign/vec4 v000001c71680c9b0_0, 0;
    %pushi/vec4 2, 0, 3;
    %assign/vec4 v000001c71680df90_0, 0;
    %jmp T_8.22;
T_8.21 ;
    %pushi/vec4 0, 0, 3;
    %assign/vec4 v000001c71680df90_0, 0;
T_8.22 ;
T_8.19 ;
T_8.11 ;
    %jmp T_8.8;
T_8.4 ;
    %load/vec4 v000001c71680c550_0;
    %flag_set/vec4 8;
    %jmp/0xz  T_8.23, 8;
    %load/vec4 v000001c71680d810_0;
    %addi 1, 0, 4;
    %assign/vec4 v000001c71680d810_0, 0;
    %load/vec4 v000001c71680d810_0;
    %cmpi/e 7, 0, 4;
    %jmp/0xz  T_8.25, 4;
    %load/vec4 v000001c71680d310_0;
    %assign/vec4 v000001c71680d6d0_0, 0;
T_8.25 ;
    %load/vec4 v000001c71680d810_0;
    %cmpi/e 8, 0, 4;
    %jmp/0xz  T_8.27, 4;
    %load/vec4 v000001c71680d310_0;
    %assign/vec4 v000001c71680d1d0_0, 0;
T_8.27 ;
    %load/vec4 v000001c71680d810_0;
    %cmpi/e 9, 0, 4;
    %jmp/0xz  T_8.29, 4;
    %load/vec4 v000001c71680d310_0;
    %assign/vec4 v000001c71680c9b0_0, 0;
T_8.29 ;
    %load/vec4 v000001c71680d810_0;
    %cmpi/e 15, 0, 4;
    %jmp/0xz  T_8.31, 4;
    %pushi/vec4 0, 0, 4;
    %assign/vec4 v000001c71680d810_0, 0;
    %load/vec4 v000001c71680cc30_0;
    %ix/load 5, 0, 0;
    %ix/getv 4, v000001c71680d590_0;
    %assign/vec4/off/d v000001c71680ca50_0, 4, 5;
    %load/vec4 v000001c71680d590_0;
    %pad/u 32;
    %cmpi/e 7, 0, 32;
    %jmp/0xz  T_8.33, 4;
    %pushi/vec4 0, 0, 3;
    %assign/vec4 v000001c71680d590_0, 0;
    %pushi/vec4 3, 0, 3;
    %assign/vec4 v000001c71680df90_0, 0;
    %jmp T_8.34;
T_8.33 ;
    %load/vec4 v000001c71680d590_0;
    %addi 1, 0, 3;
    %assign/vec4 v000001c71680d590_0, 0;
T_8.34 ;
T_8.31 ;
T_8.23 ;
    %jmp T_8.8;
T_8.5 ;
    %load/vec4 v000001c71680c550_0;
    %flag_set/vec4 8;
    %jmp/0xz  T_8.35, 8;
    %load/vec4 v000001c71680d810_0;
    %addi 1, 0, 4;
    %assign/vec4 v000001c71680d810_0, 0;
    %load/vec4 v000001c71680d810_0;
    %cmpi/e 7, 0, 4;
    %jmp/0xz  T_8.37, 4;
    %load/vec4 v000001c71680d310_0;
    %assign/vec4 v000001c71680d6d0_0, 0;
T_8.37 ;
    %load/vec4 v000001c71680d810_0;
    %cmpi/e 8, 0, 4;
    %jmp/0xz  T_8.39, 4;
    %load/vec4 v000001c71680d310_0;
    %assign/vec4 v000001c71680d1d0_0, 0;
T_8.39 ;
    %load/vec4 v000001c71680d810_0;
    %cmpi/e 9, 0, 4;
    %jmp/0xz  T_8.41, 4;
    %load/vec4 v000001c71680d310_0;
    %assign/vec4 v000001c71680c9b0_0, 0;
T_8.41 ;
    %load/vec4 v000001c71680d810_0;
    %cmpi/e 15, 0, 4;
    %jmp/0xz  T_8.43, 4;
    %pushi/vec4 0, 0, 4;
    %assign/vec4 v000001c71680d810_0, 0;
    %load/vec4 v000001c71680cc30_0;
    %inv;
    %assign/vec4 v000001c71680c4b0_0, 0;
    %pushi/vec4 4, 0, 3;
    %assign/vec4 v000001c71680df90_0, 0;
T_8.43 ;
T_8.35 ;
    %jmp T_8.8;
T_8.6 ;
    %pushi/vec4 1, 0, 1;
    %assign/vec4 v000001c71680c690_0, 0;
    %load/vec4 v000001c71680ca50_0;
    %assign/vec4 v000001c71680def0_0, 0;
    %pushi/vec4 0, 0, 3;
    %assign/vec4 v000001c71680df90_0, 0;
    %jmp T_8.8;
T_8.8 ;
    %pop/vec4 1;
T_8.1 ;
    %jmp T_8;
    .thread T_8;
    .scope S_000001c71676e3a0;
T_9 ;
    %wait E_000001c716798b70;
    %load/vec4 v000001c71680fc80_0;
    %flag_set/vec4 8;
    %jmp/0xz  T_9.0, 8;
    %pushi/vec4 0, 0, 4;
    %assign/vec4 v000001c71680e2e0_0, 0;
    %pushi/vec4 0, 0, 4;
    %assign/vec4 v000001c71680f640_0, 0;
    %pushi/vec4 0, 0, 5;
    %assign/vec4 v000001c71680ef60_0, 0;
    %pushi/vec4 0, 0, 8;
    %assign/vec4 v000001c71680e100_0, 0;
    %jmp T_9.1;
T_9.0 ;
    %load/vec4 v000001c71680e6a0_0;
    %load/vec4 v000001c71680fb40_0;
    %and;
    %flag_set/vec4 8;
    %jmp/0xz  T_9.2, 8;
    %load/vec4 v000001c71680e920_0;
    %flag_set/vec4 8;
    %jmp/0xz  T_9.4, 8;
    %load/vec4 v000001c71680f000_0;
    %load/vec4 v000001c71680e2e0_0;
    %pad/u 6;
    %ix/vec4 3;
    %ix/load 4, 0, 0; Constant delay
    %assign/vec4/a/d v000001c71680faa0, 0, 4;
    %load/vec4 v000001c71680e2e0_0;
    %store/vec4 v000001c71680ccd0_0, 0, 4;
    %callf/vec4 TD_tb_uart_top.dut.tx_fifo.next_ptr, S_000001c716788bb0;
    %assign/vec4 v000001c71680e2e0_0, 0;
    %load/vec4 v000001c71680ef60_0;
    %addi 1, 0, 5;
    %assign/vec4 v000001c71680ef60_0, 0;
    %jmp T_9.5;
T_9.4 ;
    %load/vec4 v000001c71680fbe0_0;
    %flag_set/vec4 8;
    %jmp/0xz  T_9.6, 8;
    %load/vec4 v000001c71680f640_0;
    %pad/u 6;
    %ix/vec4 4;
    %load/vec4a v000001c71680faa0, 4;
    %assign/vec4 v000001c71680e100_0, 0;
    %load/vec4 v000001c71680f000_0;
    %load/vec4 v000001c71680e2e0_0;
    %pad/u 6;
    %ix/vec4 3;
    %ix/load 4, 0, 0; Constant delay
    %assign/vec4/a/d v000001c71680faa0, 0, 4;
    %load/vec4 v000001c71680f640_0;
    %store/vec4 v000001c71680ccd0_0, 0, 4;
    %callf/vec4 TD_tb_uart_top.dut.tx_fifo.next_ptr, S_000001c716788bb0;
    %assign/vec4 v000001c71680f640_0, 0;
    %load/vec4 v000001c71680e2e0_0;
    %store/vec4 v000001c71680ccd0_0, 0, 4;
    %callf/vec4 TD_tb_uart_top.dut.tx_fifo.next_ptr, S_000001c716788bb0;
    %assign/vec4 v000001c71680e2e0_0, 0;
    %jmp T_9.7;
T_9.6 ;
    %load/vec4 v000001c71680f640_0;
    %pad/u 6;
    %ix/vec4 4;
    %load/vec4a v000001c71680faa0, 4;
    %assign/vec4 v000001c71680e100_0, 0;
    %load/vec4 v000001c71680f000_0;
    %load/vec4 v000001c71680e2e0_0;
    %pad/u 6;
    %ix/vec4 3;
    %ix/load 4, 0, 0; Constant delay
    %assign/vec4/a/d v000001c71680faa0, 0, 4;
    %load/vec4 v000001c71680f640_0;
    %store/vec4 v000001c71680ccd0_0, 0, 4;
    %callf/vec4 TD_tb_uart_top.dut.tx_fifo.next_ptr, S_000001c716788bb0;
    %assign/vec4 v000001c71680f640_0, 0;
    %load/vec4 v000001c71680e2e0_0;
    %store/vec4 v000001c71680ccd0_0, 0, 4;
    %callf/vec4 TD_tb_uart_top.dut.tx_fifo.next_ptr, S_000001c716788bb0;
    %assign/vec4 v000001c71680e2e0_0, 0;
T_9.7 ;
T_9.5 ;
    %jmp T_9.3;
T_9.2 ;
    %load/vec4 v000001c71680e6a0_0;
    %load/vec4 v000001c71680fbe0_0;
    %nor/r;
    %and;
    %flag_set/vec4 8;
    %jmp/0xz  T_9.8, 8;
    %load/vec4 v000001c71680f000_0;
    %load/vec4 v000001c71680e2e0_0;
    %pad/u 6;
    %ix/vec4 3;
    %ix/load 4, 0, 0; Constant delay
    %assign/vec4/a/d v000001c71680faa0, 0, 4;
    %load/vec4 v000001c71680e2e0_0;
    %store/vec4 v000001c71680ccd0_0, 0, 4;
    %callf/vec4 TD_tb_uart_top.dut.tx_fifo.next_ptr, S_000001c716788bb0;
    %assign/vec4 v000001c71680e2e0_0, 0;
    %load/vec4 v000001c71680ef60_0;
    %addi 1, 0, 5;
    %assign/vec4 v000001c71680ef60_0, 0;
    %jmp T_9.9;
T_9.8 ;
    %load/vec4 v000001c71680fb40_0;
    %load/vec4 v000001c71680e920_0;
    %nor/r;
    %and;
    %flag_set/vec4 8;
    %jmp/0xz  T_9.10, 8;
    %load/vec4 v000001c71680f640_0;
    %pad/u 6;
    %ix/vec4 4;
    %load/vec4a v000001c71680faa0, 4;
    %assign/vec4 v000001c71680e100_0, 0;
    %load/vec4 v000001c71680f640_0;
    %store/vec4 v000001c71680ccd0_0, 0, 4;
    %callf/vec4 TD_tb_uart_top.dut.tx_fifo.next_ptr, S_000001c716788bb0;
    %assign/vec4 v000001c71680f640_0, 0;
    %load/vec4 v000001c71680ef60_0;
    %subi 1, 0, 5;
    %assign/vec4 v000001c71680ef60_0, 0;
T_9.10 ;
T_9.9 ;
T_9.3 ;
T_9.1 ;
    %jmp T_9;
    .thread T_9;
    .scope S_000001c71676e3a0;
T_10 ;
    %wait E_000001c716798b70;
    %jmp T_10;
    .thread T_10;
    .scope S_000001c716777840;
T_11 ;
    %wait E_000001c716798b70;
    %load/vec4 v000001c71680cf50_0;
    %flag_set/vec4 8;
    %jmp/0xz  T_11.0, 8;
    %pushi/vec4 0, 0, 4;
    %assign/vec4 v000001c71680dbd0_0, 0;
    %pushi/vec4 0, 0, 4;
    %assign/vec4 v000001c71680cb90_0, 0;
    %pushi/vec4 0, 0, 5;
    %assign/vec4 v000001c71680c5f0_0, 0;
    %pushi/vec4 0, 0, 8;
    %assign/vec4 v000001c71680c2d0_0, 0;
    %jmp T_11.1;
T_11.0 ;
    %load/vec4 v000001c71680c910_0;
    %load/vec4 v000001c71680c730_0;
    %and;
    %flag_set/vec4 8;
    %jmp/0xz  T_11.2, 8;
    %load/vec4 v000001c71680de50_0;
    %flag_set/vec4 8;
    %jmp/0xz  T_11.4, 8;
    %load/vec4 v000001c71680ce10_0;
    %load/vec4 v000001c71680dbd0_0;
    %pad/u 6;
    %ix/vec4 3;
    %ix/load 4, 0, 0; Constant delay
    %assign/vec4/a/d v000001c71680c410, 0, 4;
    %load/vec4 v000001c71680dbd0_0;
    %store/vec4 v000001c71680d9f0_0, 0, 4;
    %callf/vec4 TD_tb_uart_top.dut.rx_fifo.next_ptr, S_000001c716756210;
    %assign/vec4 v000001c71680dbd0_0, 0;
    %load/vec4 v000001c71680c5f0_0;
    %addi 1, 0, 5;
    %assign/vec4 v000001c71680c5f0_0, 0;
    %jmp T_11.5;
T_11.4 ;
    %load/vec4 v000001c71680caf0_0;
    %flag_set/vec4 8;
    %jmp/0xz  T_11.6, 8;
    %load/vec4 v000001c71680cb90_0;
    %pad/u 6;
    %ix/vec4 4;
    %load/vec4a v000001c71680c410, 4;
    %assign/vec4 v000001c71680c2d0_0, 0;
    %load/vec4 v000001c71680ce10_0;
    %load/vec4 v000001c71680dbd0_0;
    %pad/u 6;
    %ix/vec4 3;
    %ix/load 4, 0, 0; Constant delay
    %assign/vec4/a/d v000001c71680c410, 0, 4;
    %load/vec4 v000001c71680cb90_0;
    %store/vec4 v000001c71680d9f0_0, 0, 4;
    %callf/vec4 TD_tb_uart_top.dut.rx_fifo.next_ptr, S_000001c716756210;
    %assign/vec4 v000001c71680cb90_0, 0;
    %load/vec4 v000001c71680dbd0_0;
    %store/vec4 v000001c71680d9f0_0, 0, 4;
    %callf/vec4 TD_tb_uart_top.dut.rx_fifo.next_ptr, S_000001c716756210;
    %assign/vec4 v000001c71680dbd0_0, 0;
    %jmp T_11.7;
T_11.6 ;
    %load/vec4 v000001c71680cb90_0;
    %pad/u 6;
    %ix/vec4 4;
    %load/vec4a v000001c71680c410, 4;
    %assign/vec4 v000001c71680c2d0_0, 0;
    %load/vec4 v000001c71680ce10_0;
    %load/vec4 v000001c71680dbd0_0;
    %pad/u 6;
    %ix/vec4 3;
    %ix/load 4, 0, 0; Constant delay
    %assign/vec4/a/d v000001c71680c410, 0, 4;
    %load/vec4 v000001c71680cb90_0;
    %store/vec4 v000001c71680d9f0_0, 0, 4;
    %callf/vec4 TD_tb_uart_top.dut.rx_fifo.next_ptr, S_000001c716756210;
    %assign/vec4 v000001c71680cb90_0, 0;
    %load/vec4 v000001c71680dbd0_0;
    %store/vec4 v000001c71680d9f0_0, 0, 4;
    %callf/vec4 TD_tb_uart_top.dut.rx_fifo.next_ptr, S_000001c716756210;
    %assign/vec4 v000001c71680dbd0_0, 0;
T_11.7 ;
T_11.5 ;
    %jmp T_11.3;
T_11.2 ;
    %load/vec4 v000001c71680c910_0;
    %load/vec4 v000001c71680caf0_0;
    %nor/r;
    %and;
    %flag_set/vec4 8;
    %jmp/0xz  T_11.8, 8;
    %load/vec4 v000001c71680ce10_0;
    %load/vec4 v000001c71680dbd0_0;
    %pad/u 6;
    %ix/vec4 3;
    %ix/load 4, 0, 0; Constant delay
    %assign/vec4/a/d v000001c71680c410, 0, 4;
    %load/vec4 v000001c71680dbd0_0;
    %store/vec4 v000001c71680d9f0_0, 0, 4;
    %callf/vec4 TD_tb_uart_top.dut.rx_fifo.next_ptr, S_000001c716756210;
    %assign/vec4 v000001c71680dbd0_0, 0;
    %load/vec4 v000001c71680c5f0_0;
    %addi 1, 0, 5;
    %assign/vec4 v000001c71680c5f0_0, 0;
    %jmp T_11.9;
T_11.8 ;
    %load/vec4 v000001c71680c730_0;
    %load/vec4 v000001c71680de50_0;
    %nor/r;
    %and;
    %flag_set/vec4 8;
    %jmp/0xz  T_11.10, 8;
    %load/vec4 v000001c71680cb90_0;
    %pad/u 6;
    %ix/vec4 4;
    %load/vec4a v000001c71680c410, 4;
    %assign/vec4 v000001c71680c2d0_0, 0;
    %load/vec4 v000001c71680cb90_0;
    %store/vec4 v000001c71680d9f0_0, 0, 4;
    %callf/vec4 TD_tb_uart_top.dut.rx_fifo.next_ptr, S_000001c716756210;
    %assign/vec4 v000001c71680cb90_0, 0;
    %load/vec4 v000001c71680c5f0_0;
    %subi 1, 0, 5;
    %assign/vec4 v000001c71680c5f0_0, 0;
T_11.10 ;
T_11.9 ;
T_11.3 ;
T_11.1 ;
    %jmp T_11;
    .thread T_11;
    .scope S_000001c716777840;
T_12 ;
    %wait E_000001c716798b70;
    %jmp T_12;
    .thread T_12;
    .scope S_000001c71674b340;
T_13 ;
    %wait E_000001c716798b70;
    %load/vec4 v000001c71680eba0_0;
    %flag_set/vec4 8;
    %jmp/0xz  T_13.0, 8;
    %pushi/vec4 0, 0, 3;
    %assign/vec4 v000001c71680f500_0, 0;
    %pushi/vec4 0, 0, 1;
    %assign/vec4 v000001c71680fa00_0, 0;
    %pushi/vec4 0, 0, 1;
    %assign/vec4 v000001c71680fe60_0, 0;
    %pushi/vec4 0, 0, 8;
    %assign/vec4 v000001c71680f460_0, 0;
    %pushi/vec4 0, 0, 1;
    %assign/vec4 v000001c71680f8c0_0, 0;
    %jmp T_13.1;
T_13.0 ;
    %pushi/vec4 0, 0, 1;
    %assign/vec4 v000001c71680fa00_0, 0;
    %pushi/vec4 0, 0, 1;
    %assign/vec4 v000001c71680fe60_0, 0;
    %pushi/vec4 0, 0, 1;
    %assign/vec4 v000001c71680f8c0_0, 0;
    %load/vec4 v000001c716811970_0;
    %load/vec4 v000001c71680e1a0_0;
    %nor/r;
    %and;
    %flag_set/vec4 8;
    %jmp/0xz  T_13.2, 8;
    %load/vec4 v000001c716811010_0;
    %assign/vec4 v000001c71680f1e0_0, 0;
    %pushi/vec4 1, 0, 1;
    %assign/vec4 v000001c71680f8c0_0, 0;
T_13.2 ;
    %load/vec4 v000001c71680f500_0;
    %dup/vec4;
    %pushi/vec4 0, 0, 3;
    %cmp/u;
    %jmp/1 T_13.4, 6;
    %dup/vec4;
    %pushi/vec4 1, 0, 3;
    %cmp/u;
    %jmp/1 T_13.5, 6;
    %dup/vec4;
    %pushi/vec4 2, 0, 3;
    %cmp/u;
    %jmp/1 T_13.6, 6;
    %dup/vec4;
    %pushi/vec4 3, 0, 3;
    %cmp/u;
    %jmp/1 T_13.7, 6;
    %dup/vec4;
    %pushi/vec4 4, 0, 3;
    %cmp/u;
    %jmp/1 T_13.8, 6;
    %dup/vec4;
    %pushi/vec4 5, 0, 3;
    %cmp/u;
    %jmp/1 T_13.9, 6;
    %jmp T_13.10;
T_13.4 ;
    %load/vec4 v000001c71680e420_0;
    %nor/r;
    %load/vec4 v000001c71680f960_0;
    %nor/r;
    %and;
    %flag_set/vec4 8;
    %jmp/0xz  T_13.11, 8;
    %pushi/vec4 1, 0, 1;
    %assign/vec4 v000001c71680fa00_0, 0;
    %pushi/vec4 1, 0, 3;
    %assign/vec4 v000001c71680f500_0, 0;
T_13.11 ;
    %jmp T_13.10;
T_13.5 ;
    %pushi/vec4 2, 0, 3;
    %assign/vec4 v000001c71680f500_0, 0;
    %jmp T_13.10;
T_13.6 ;
    %pushi/vec4 3, 0, 3;
    %assign/vec4 v000001c71680f500_0, 0;
    %jmp T_13.10;
T_13.7 ;
    %load/vec4 v000001c71680f280_0;
    %assign/vec4 v000001c71680f460_0, 0;
    %pushi/vec4 4, 0, 3;
    %assign/vec4 v000001c71680f500_0, 0;
    %jmp T_13.10;
T_13.8 ;
    %pushi/vec4 1, 0, 1;
    %assign/vec4 v000001c71680fe60_0, 0;
    %pushi/vec4 5, 0, 3;
    %assign/vec4 v000001c71680f500_0, 0;
    %jmp T_13.10;
T_13.9 ;
    %load/vec4 v000001c71680eb00_0;
    %flag_set/vec4 8;
    %jmp/0xz  T_13.13, 8;
    %pushi/vec4 0, 0, 3;
    %assign/vec4 v000001c71680f500_0, 0;
T_13.13 ;
    %jmp T_13.10;
T_13.10 ;
    %pop/vec4 1;
T_13.1 ;
    %jmp T_13;
    .thread T_13;
    .scope S_000001c716744b70;
T_14 ;
    %delay 10000, 0;
    %load/vec4 v000001c716811bf0_0;
    %inv;
    %store/vec4 v000001c716811bf0_0, 0, 1;
    %jmp T_14;
    .thread T_14;
    .scope S_000001c716744b70;
T_15 ;
    %pushi/vec4 0, 0, 1;
    %store/vec4 v000001c716811bf0_0, 0, 1;
    %pushi/vec4 1, 0, 1;
    %store/vec4 v000001c716810d90_0, 0, 1;
    %pushi/vec4 0, 0, 8;
    %store/vec4 v000001c7168113d0_0, 0, 8;
    %pushi/vec4 0, 0, 1;
    %store/vec4 v000001c716810930_0, 0, 1;
    %pushi/vec4 0, 0, 1;
    %store/vec4 v000001c7168107f0_0, 0, 1;
    %pushi/vec4 10, 0, 32;
T_15.0 %dup/vec4;
    %pushi/vec4 0, 0, 32;
    %cmp/s;
    %jmp/1xz T_15.1, 5;
    %jmp/1 T_15.1, 4;
    %pushi/vec4 1, 0, 32;
    %sub;
    %wait E_000001c716798b70;
    %jmp T_15.0;
T_15.1 ;
    %pop/vec4 1;
    %pushi/vec4 0, 0, 1;
    %store/vec4 v000001c716810d90_0, 0, 1;
    %pushi/vec4 72, 0, 8; draw_string_vec4
    %store/vec4 v000001c716810750_0, 0, 8;
    %fork TD_tb_uart_top.uart_write, S_000001c716712ef0;
    %join;
    %pushi/vec4 69, 0, 8; draw_string_vec4
    %store/vec4 v000001c716810750_0, 0, 8;
    %fork TD_tb_uart_top.uart_write, S_000001c716712ef0;
    %join;
    %pushi/vec4 76, 0, 8; draw_string_vec4
    %store/vec4 v000001c716810750_0, 0, 8;
    %fork TD_tb_uart_top.uart_write, S_000001c716712ef0;
    %join;
    %pushi/vec4 76, 0, 8; draw_string_vec4
    %store/vec4 v000001c716810750_0, 0, 8;
    %fork TD_tb_uart_top.uart_write, S_000001c716712ef0;
    %join;
    %pushi/vec4 79, 0, 8; draw_string_vec4
    %store/vec4 v000001c716810750_0, 0, 8;
    %fork TD_tb_uart_top.uart_write, S_000001c716712ef0;
    %join;
    %delay 3410065408, 2;
    %pushi/vec4 5, 0, 32;
T_15.2 %dup/vec4;
    %pushi/vec4 0, 0, 32;
    %cmp/s;
    %jmp/1xz T_15.3, 5;
    %jmp/1 T_15.3, 4;
    %pushi/vec4 1, 0, 32;
    %sub;
    %fork TD_tb_uart_top.uart_read, S_000001c716712d60;
    %join;
    %jmp T_15.2;
T_15.3 ;
    %pop/vec4 1;
    %delay 1000000, 0;
    %vpi_call 2 160 "$finish" {0 0 0};
    %end;
    .thread T_15;
# The file index is used to find the file name in the following table.
:file_names 8;
    "N/A";
    "<interactive>";
    "tb_uart_top.v";
    "./uart_top.v";
    "./baud_generator.v";
    "./uart_fifo.v";
    "./uart_rx.v";
    "./uart_tx.v";
